Using pre-set license
Built from '2020.2/release' branch; Version is '2020.2.4f1 (becced5a802b) revision 12504301'; Using compiler version '192528614'; Build Type 'Release'
OS: 'Windows 10 Home; OS build 18363.1379; Version 1909; 64bit' Language: 'en' Physical Memory: 16111 MB
BatchMode: 1, IsHumanControllingUs: 0, StartBugReporterOnCrash: 0, Is64bit: 1, IsPro: 0

 COMMAND LINE ARGUMENTS:
C:\Program Files\Unity\Hub\Editor\2020.2.4f1\Editor\Unity.exe
-adb2
-batchMode
-noUpm
-name
AssetImportWorker0
-projectPath
C:/Users/Matthew/OneDrive/Documents/Repos/Unity2D/UnityMultiplayerPlatformer/Unity Multiplayer Platformer
-logFile
Logs/AssetImportWorker0.log
-srvPort
55197
Successfully changed project path to: C:/Users/Matthew/OneDrive/Documents/Repos/Unity2D/UnityMultiplayerPlatformer/Unity Multiplayer Platformer
C:/Users/Matthew/OneDrive/Documents/Repos/Unity2D/UnityMultiplayerPlatformer/Unity Multiplayer Platformer
Using Asset Import Pipeline V2.
Refreshing native plugins compatible for Editor in 32.00 ms, found 1 plugins.
Preloading 0 native plugins for Editor in 0.00 ms.
Initialize engine version: 2020.2.4f1 (becced5a802b)
[Subsystems] Discovering subsystems at path C:/Program Files/Unity/Hub/Editor/2020.2.4f1/Editor/Data/Resources/UnitySubsystems
[Subsystems] Discovering subsystems at path C:/Users/Matthew/OneDrive/Documents/Repos/Unity2D/UnityMultiplayerPlatformer/Unity Multiplayer Platformer/Assets
GfxDevice: creating device client; threaded=0
Direct3D:
    Version:  Direct3D 11.0 [level 11.1]
    Renderer: NVIDIA GeForce GTX 1650 (ID=0x1f91)
    Vendor:   
    VRAM:     3964 MB
    Driver:   27.21.14.5241
Initialize mono
Mono path[0] = 'C:/Program Files/Unity/Hub/Editor/2020.2.4f1/Editor/Data/Managed'
Mono path[1] = 'C:/Program Files/Unity/Hub/Editor/2020.2.4f1/Editor/Data/MonoBleedingEdge/lib/mono/unityjit'
Mono config path = 'C:/Program Files/Unity/Hub/Editor/2020.2.4f1/Editor/Data/MonoBleedingEdge/etc'
Using monoOptions --debugger-agent=transport=dt_socket,embedding=1,server=y,suspend=n,address=127.0.0.1:56056
Begin MonoManager ReloadAssembly
Registering precompiled unity dll's ...
Register platform support module: C:/Program Files/Unity/Hub/Editor/2020.2.4f1/Editor/Data/PlaybackEngines/WindowsStandaloneSupport/UnityEditor.WindowsStandalone.Extensions.dll
Registered in 0.003075 seconds.
Native extension for WindowsStandalone target not found
Refreshing native plugins compatible for Editor in 43.28 ms, found 1 plugins.
Preloading 0 native plugins for Editor in 0.00 ms.
Invoked RoslynAnalysisRunner static constructor.
RoslynAnalysisRunner will not be running.
RoslynAnalysisRunner has terminated.
Mono: successfully reloaded assembly
- Completed reload, in  1.207 seconds
Platform modules already initialized, skipping
Registering precompiled user dll's ...
Registered in 0.001540 seconds.
Begin MonoManager ReloadAssembly
Native extension for WindowsStandalone target not found
Refreshing native plugins compatible for Editor in 31.16 ms, found 1 plugins.
Preloading 0 native plugins for Editor in 0.00 ms.
Invoked RoslynAnalysisRunner static constructor.
RoslynAnalysisRunner will not be running.
RoslynAnalysisRunner has terminated.
Mono: successfully reloaded assembly
- Completed reload, in  0.870 seconds
Platform modules already initialized, skipping
========================================================================
Worker process is ready to serve import requests
Launched and connected shader compiler UnityShaderCompiler.exe after 0.06 seconds
Refreshing native plugins compatible for Editor in 0.39 ms, found 1 plugins.
Preloading 0 native plugins for Editor in 0.00 ms.
Unloading 1776 Unused Serialized files (Serialized files now loaded: 0)
System memory in use before: 84.4 MB.
System memory in use after: 84.5 MB.

Unloading 19 unused Assets to reduce memory usage. Loaded Objects now: 2222.
Total: 2.132000 ms (FindLiveObjects: 0.187100 ms CreateObjectMapping: 0.086800 ms MarkObjects: 1.779000 ms  DeleteObjects: 0.078100 ms)

========================================================================
Received Import Request.
  path: Assets/Prefabs/Builder/Grid.prefab
  artifactKey: Guid(248f41d7db935844ba7a1e42bcd6f359) Importer(815301076,1909f56bfc062723c751e8b465ee728b)
Start importing Assets/Prefabs/Builder/Grid.prefab using Guid(248f41d7db935844ba7a1e42bcd6f359) Importer(815301076,1909f56bfc062723c751e8b465ee728b)  -> (artifact id: '6797b83f840d94d87de96f982cd7e9bf') in 0.092138 seconds
  Import took 0.097836 seconds .

========================================================================
Received Import Request.
  Time since last request: 0.000311 seconds.
  path: Assets/Prefabs/Builder/Main Camera.prefab
  artifactKey: Guid(82e161fc9645fe54c81ebedb277bd851) Importer(815301076,1909f56bfc062723c751e8b465ee728b)
Start importing Assets/Prefabs/Builder/Main Camera.prefab using Guid(82e161fc9645fe54c81ebedb277bd851) Importer(815301076,1909f56bfc062723c751e8b465ee728b)  -> (artifact id: 'c218034b33f1351401bcdd5ae425e78d') in 0.005618 seconds
  Import took 0.010174 seconds .

========================================================================
Received Import Request.
  Time since last request: 0.000253 seconds.
  path: Assets/Prefabs/Builder/Grid Line.prefab
  artifactKey: Guid(ba155616eea3c354fa289a460ffc9c91) Importer(815301076,1909f56bfc062723c751e8b465ee728b)
Start importing Assets/Prefabs/Builder/Grid Line.prefab using Guid(ba155616eea3c354fa289a460ffc9c91) Importer(815301076,1909f56bfc062723c751e8b465ee728b)  -> (artifact id: '32ea960e213b9ca89e32b4dcf1955554') in 0.062987 seconds
  Import took 0.067924 seconds .

========================================================================
Received Import Request.
  Time since last request: 1.166829 seconds.
  path: Assets/Prefabs/Input Manager.prefab
  artifactKey: Guid(9ce26e413b8340b44919c21021de6177) Importer(815301076,1909f56bfc062723c751e8b465ee728b)
Start importing Assets/Prefabs/Input Manager.prefab using Guid(9ce26e413b8340b44919c21021de6177) Importer(815301076,1909f56bfc062723c751e8b465ee728b)  -> (artifact id: 'a3b470a3256e015ad0338214c8d86679') in 0.006836 seconds
  Import took 0.015455 seconds .

========================================================================
Received Import Request.
  Time since last request: 0.019164 seconds.
  path: Assets/Prefabs/Input Manager.prefab
  artifactKey: Guid(9ce26e413b8340b44919c21021de6177) Importer(815301076,1909f56bfc062723c751e8b465ee728b)
Start importing Assets/Prefabs/Input Manager.prefab using Guid(9ce26e413b8340b44919c21021de6177) Importer(815301076,1909f56bfc062723c751e8b465ee728b)  -> (artifact id: 'a3b470a3256e015ad0338214c8d86679') in 0.007037 seconds
  Import took 0.012701 seconds .

========================================================================
Received Prepare
Registering precompiled user dll's ...
Registered in 0.001688 seconds.
Begin MonoManager ReloadAssembly
Native extension for WindowsStandalone target not found
Refreshing native plugins compatible for Editor in 0.36 ms, found 1 plugins.
Preloading 0 native plugins for Editor in 0.00 ms.
Invoked RoslynAnalysisRunner static constructor.
RoslynAnalysisRunner will not be running.
RoslynAnalysisRunner has terminated.
Mono: successfully reloaded assembly
- Completed reload, in  0.867 seconds
Platform modules already initialized, skipping
Refreshing native plugins compatible for Editor in 0.32 ms, found 1 plugins.
Preloading 0 native plugins for Editor in 0.00 ms.
Unloading 1766 Unused Serialized files (Serialized files now loaded: 0)
System memory in use before: 87.1 MB.
System memory in use after: 87.2 MB.

Unloading 7 unused Assets to reduce memory usage. Loaded Objects now: 2232.
Total: 1.612600 ms (FindLiveObjects: 0.148900 ms CreateObjectMapping: 0.057100 ms MarkObjects: 1.394300 ms  DeleteObjects: 0.011700 ms)

AssetImportWorkerClient::OnTransportError - code=2 error=End of file
