Using pre-set license
Built from '2020.2/release' branch; Version is '2020.2.4f1 (becced5a802b) revision 12504301'; Using compiler version '192528614'; Build Type 'Release'
OS: 'Windows 10 Home; OS build 19041.804; Version 2004; 64bit' Language: 'en' Physical Memory: 16326 MB
BatchMode: 1, IsHumanControllingUs: 0, StartBugReporterOnCrash: 0, Is64bit: 1, IsPro: 0

 COMMAND LINE ARGUMENTS:
C:\Program Files\Unity\Hub\Editor\2020.2.4f1\Editor\Unity.exe
-adb2
-batchMode
-noUpm
-name
AssetImportWorker0
-projectPath
E:/Repos/Unity2D/UnityMultiplayerPlatformer/Unity Multiplayer Platformer
-logFile
Logs/AssetImportWorker0.log
-srvPort
62227
Successfully changed project path to: E:/Repos/Unity2D/UnityMultiplayerPlatformer/Unity Multiplayer Platformer
E:/Repos/Unity2D/UnityMultiplayerPlatformer/Unity Multiplayer Platformer
Using Asset Import Pipeline V2.
Refreshing native plugins compatible for Editor in 33.31 ms, found 1 plugins.
Preloading 0 native plugins for Editor in 0.00 ms.
Initialize engine version: 2020.2.4f1 (becced5a802b)
[Subsystems] Discovering subsystems at path C:/Program Files/Unity/Hub/Editor/2020.2.4f1/Editor/Data/Resources/UnitySubsystems
[Subsystems] Discovering subsystems at path E:/Repos/Unity2D/UnityMultiplayerPlatformer/Unity Multiplayer Platformer/Assets
GfxDevice: creating device client; threaded=0
Direct3D:
    Version:  Direct3D 11.0 [level 11.1]
    Renderer: NVIDIA GeForce GTX 1070 (ID=0x1b81)
    Vendor:   
    VRAM:     8088 MB
    Driver:   27.21.14.5730
Initialize mono
Mono path[0] = 'C:/Program Files/Unity/Hub/Editor/2020.2.4f1/Editor/Data/Managed'
Mono path[1] = 'C:/Program Files/Unity/Hub/Editor/2020.2.4f1/Editor/Data/MonoBleedingEdge/lib/mono/unityjit'
Mono config path = 'C:/Program Files/Unity/Hub/Editor/2020.2.4f1/Editor/Data/MonoBleedingEdge/etc'
Using monoOptions --debugger-agent=transport=dt_socket,embedding=1,server=y,suspend=n,address=127.0.0.1:56224
Begin MonoManager ReloadAssembly
Registering precompiled unity dll's ...
Register platform support module: C:/Program Files/Unity/Hub/Editor/2020.2.4f1/Editor/Data/PlaybackEngines/WindowsStandaloneSupport/UnityEditor.WindowsStandalone.Extensions.dll
Registered in 0.004501 seconds.
Native extension for WindowsStandalone target not found
Refreshing native plugins compatible for Editor in 34.22 ms, found 1 plugins.
Preloading 0 native plugins for Editor in 0.00 ms.
Invoked RoslynAnalysisRunner static constructor.
RoslynAnalysisRunner will not be running.
RoslynAnalysisRunner has terminated.
Mono: successfully reloaded assembly
- Completed reload, in  1.297 seconds
Platform modules already initialized, skipping
Registering precompiled user dll's ...
Registered in 0.001121 seconds.
Begin MonoManager ReloadAssembly
Native extension for WindowsStandalone target not found
Refreshing native plugins compatible for Editor in 39.07 ms, found 1 plugins.
Preloading 0 native plugins for Editor in 0.00 ms.
Invoked RoslynAnalysisRunner static constructor.
RoslynAnalysisRunner will not be running.
RoslynAnalysisRunner has terminated.
Mono: successfully reloaded assembly
- Completed reload, in  1.158 seconds
Platform modules already initialized, skipping
========================================================================
Worker process is ready to serve import requests
Launched and connected shader compiler UnityShaderCompiler.exe after 0.06 seconds
Refreshing native plugins compatible for Editor in 0.38 ms, found 1 plugins.
Preloading 0 native plugins for Editor in 0.00 ms.
Unloading 1784 Unused Serialized files (Serialized files now loaded: 0)
System memory in use before: 84.2 MB.
System memory in use after: 84.2 MB.

Unloading 19 unused Assets to reduce memory usage. Loaded Objects now: 2232.
Total: 2.287600 ms (FindLiveObjects: 0.275500 ms CreateObjectMapping: 0.123200 ms MarkObjects: 1.816500 ms  DeleteObjects: 0.071000 ms)

========================================================================
Received Import Request.
  path: Assets/Scripts/Game/Build Scripts/LinkBlock.cs
  artifactKey: Guid(31ffbf2d8e5f6e5488698873fbcc70d7) Importer(815301076,1909f56bfc062723c751e8b465ee728b)
Start importing Assets/Scripts/Game/Build Scripts/LinkBlock.cs using Guid(31ffbf2d8e5f6e5488698873fbcc70d7) Importer(815301076,1909f56bfc062723c751e8b465ee728b)  -> (artifact id: '6516a7d38d62cda112b2899ab7eb5677') in 0.054052 seconds
  Import took 0.057080 seconds .

========================================================================
Received Import Request.
  Time since last request: 6.269478 seconds.
  path: Assets/Scripts/Game/Build Scripts/Block.cs
  artifactKey: Guid(f9f5ce8e596959a448d9439c230bac5c) Importer(815301076,1909f56bfc062723c751e8b465ee728b)
Start importing Assets/Scripts/Game/Build Scripts/Block.cs using Guid(f9f5ce8e596959a448d9439c230bac5c) Importer(815301076,1909f56bfc062723c751e8b465ee728b)  -> (artifact id: 'b64e5ff19a44ce6af4c9eedffa2e846e') in 0.015084 seconds
  Import took 0.019743 seconds .

========================================================================
Received Import Request.
  Time since last request: 0.040657 seconds.
  path: Assets/Scripts/Game/Build Scripts/Block.cs
  artifactKey: Guid(f9f5ce8e596959a448d9439c230bac5c) Importer(815301076,1909f56bfc062723c751e8b465ee728b)
Start importing Assets/Scripts/Game/Build Scripts/Block.cs using Guid(f9f5ce8e596959a448d9439c230bac5c) Importer(815301076,1909f56bfc062723c751e8b465ee728b)  -> (artifact id: 'b64e5ff19a44ce6af4c9eedffa2e846e') in 0.007193 seconds
  Import took 0.014964 seconds .

========================================================================
Received Prepare
Registering precompiled user dll's ...
Registered in 0.001041 seconds.
Begin MonoManager ReloadAssembly
Native extension for WindowsStandalone target not found
Refreshing native plugins compatible for Editor in 0.37 ms, found 1 plugins.
Preloading 0 native plugins for Editor in 0.00 ms.
Invoked RoslynAnalysisRunner static constructor.
RoslynAnalysisRunner will not be running.
RoslynAnalysisRunner has terminated.
Mono: successfully reloaded assembly
- Completed reload, in  1.045 seconds
Platform modules already initialized, skipping
Refreshing native plugins compatible for Editor in 0.36 ms, found 1 plugins.
Preloading 0 native plugins for Editor in 0.00 ms.
Unloading 1775 Unused Serialized files (Serialized files now loaded: 0)
System memory in use before: 83.8 MB.
System memory in use after: 84.0 MB.

Unloading 8 unused Assets to reduce memory usage. Loaded Objects now: 2234.
Total: 1.840000 ms (FindLiveObjects: 0.192100 ms CreateObjectMapping: 0.082700 ms MarkObjects: 1.546000 ms  DeleteObjects: 0.017600 ms)

========================================================================
Received Import Request.
  Time since last request: 1516.635593 seconds.
  path: Assets/Scripts/Game/Build Scripts/Block.cs
  artifactKey: Guid(f9f5ce8e596959a448d9439c230bac5c) Importer(815301076,1909f56bfc062723c751e8b465ee728b)
Start importing Assets/Scripts/Game/Build Scripts/Block.cs using Guid(f9f5ce8e596959a448d9439c230bac5c) Importer(815301076,1909f56bfc062723c751e8b465ee728b)  -> (artifact id: '08fc6c50bbe7a12f2476e05054af5224') in 0.009404 seconds
  Import took 0.014936 seconds .

========================================================================
Received Import Request.
  Time since last request: 1.470213 seconds.
  path: Assets/Scripts/Game/Build Scripts/RenderedBlock.cs
  artifactKey: Guid(7837ac24e3b2ab94baf62c60f9ba479a) Importer(815301076,1909f56bfc062723c751e8b465ee728b)
Start importing Assets/Scripts/Game/Build Scripts/RenderedBlock.cs using Guid(7837ac24e3b2ab94baf62c60f9ba479a) Importer(815301076,1909f56bfc062723c751e8b465ee728b)  -> (artifact id: 'b716c4077f6b3929190c56459fecf0bc') in 0.002139 seconds
  Import took 0.004689 seconds .

========================================================================
Received Import Request.
  Time since last request: 0.001307 seconds.
  path: Assets/Scripts/Game/Build Scripts/RenderedBlock.cs
  artifactKey: Guid(7837ac24e3b2ab94baf62c60f9ba479a) Importer(815301076,1909f56bfc062723c751e8b465ee728b)
Start importing Assets/Scripts/Game/Build Scripts/RenderedBlock.cs using Guid(7837ac24e3b2ab94baf62c60f9ba479a) Importer(815301076,1909f56bfc062723c751e8b465ee728b)  -> (artifact id: 'b716c4077f6b3929190c56459fecf0bc') in 0.001878 seconds
  Import took 0.004470 seconds .

========================================================================
Received Import Request.
  Time since last request: 770.757667 seconds.
  path: Assets/Scripts/Game/GameManager.cs
  artifactKey: Guid(44726a4e4549ba644b6869bbe32097fd) Importer(815301076,1909f56bfc062723c751e8b465ee728b)
Start importing Assets/Scripts/Game/GameManager.cs using Guid(44726a4e4549ba644b6869bbe32097fd) Importer(815301076,1909f56bfc062723c751e8b465ee728b)  -> (artifact id: '0bac20993579aa5f53df5372cb2159bd') in 0.002311 seconds
  Import took 0.005573 seconds .

========================================================================
Received Import Request.
  Time since last request: 319.491605 seconds.
  path: Assets/Scripts/Game/GameManager.cs
  artifactKey: Guid(44726a4e4549ba644b6869bbe32097fd) Importer(815301076,1909f56bfc062723c751e8b465ee728b)
Start importing Assets/Scripts/Game/GameManager.cs using Guid(44726a4e4549ba644b6869bbe32097fd) Importer(815301076,1909f56bfc062723c751e8b465ee728b)  -> (artifact id: 'b3f8b7339ebe539f824ff42d3baf09f3') in 0.003219 seconds
  Import took 0.006763 seconds .

========================================================================
Received Prepare
Registering precompiled user dll's ...
Registered in 0.000969 seconds.
Begin MonoManager ReloadAssembly
Native extension for WindowsStandalone target not found
Refreshing native plugins compatible for Editor in 0.33 ms, found 1 plugins.
Preloading 0 native plugins for Editor in 0.00 ms.
Invoked RoslynAnalysisRunner static constructor.
RoslynAnalysisRunner will not be running.
RoslynAnalysisRunner has terminated.
Mono: successfully reloaded assembly
- Completed reload, in  0.853 seconds
Platform modules already initialized, skipping
Refreshing native plugins compatible for Editor in 0.33 ms, found 1 plugins.
Preloading 0 native plugins for Editor in 0.00 ms.
Unloading 1774 Unused Serialized files (Serialized files now loaded: 0)
System memory in use before: 83.9 MB.
System memory in use after: 84.0 MB.

Unloading 8 unused Assets to reduce memory usage. Loaded Objects now: 2236.
Total: 1.798500 ms (FindLiveObjects: 0.169700 ms CreateObjectMapping: 0.071900 ms MarkObjects: 1.542500 ms  DeleteObjects: 0.013500 ms)

========================================================================
Received Import Request.
  Time since last request: 96.291890 seconds.
  path: Assets/Prefabs/Build Manager.prefab
  artifactKey: Guid(d301385a9c1f0bd4e981c741042be1ee) Importer(815301076,1909f56bfc062723c751e8b465ee728b)
Start importing Assets/Prefabs/Build Manager.prefab using Guid(d301385a9c1f0bd4e981c741042be1ee) Importer(815301076,1909f56bfc062723c751e8b465ee728b)  -> (artifact id: 'e270a707337d943449bede301f46fea0') in 0.079696 seconds
  Import took 0.082604 seconds .

========================================================================
Received Import Request.
  Time since last request: 6.699066 seconds.
  path: Assets/Prefabs/Menu
  artifactKey: Guid(2e93ff2f5ab93b34195c1cd0f8072b21) Importer(815301076,1909f56bfc062723c751e8b465ee728b)
Start importing Assets/Prefabs/Menu using Guid(2e93ff2f5ab93b34195c1cd0f8072b21) Importer(815301076,1909f56bfc062723c751e8b465ee728b)  -> (artifact id: '6d9407f40a7dd430fee809f49f998002') in 0.002323 seconds
  Import took 0.005055 seconds .

========================================================================
Received Import Request.
  Time since last request: 3.894971 seconds.
  path: Assets/Resources/Prefabs
  artifactKey: Guid(b3580f70142971a4cab60afe52d8968c) Importer(815301076,1909f56bfc062723c751e8b465ee728b)
Start importing Assets/Resources/Prefabs using Guid(b3580f70142971a4cab60afe52d8968c) Importer(815301076,1909f56bfc062723c751e8b465ee728b)  -> (artifact id: '1e479132f597b2c17aa4f4666d1d4259') in 0.016025 seconds
  Import took 0.018760 seconds .

========================================================================
Received Import Request.
  Time since last request: 0.213400 seconds.
  path: Assets/Resources/Prefabs/Empty.prefab
  artifactKey: Guid(09ae14d20c1b601489d214e867c83444) Importer(815301076,1909f56bfc062723c751e8b465ee728b)
Start importing Assets/Resources/Prefabs/Empty.prefab using Guid(09ae14d20c1b601489d214e867c83444) Importer(815301076,1909f56bfc062723c751e8b465ee728b)  -> (artifact id: '9a9104e002aa8c0f947766f4dd20dcec') in 0.012058 seconds
  Import took 0.015220 seconds .

========================================================================
Received Import Request.
  Time since last request: 0.000252 seconds.
  path: Assets/Resources/Prefabs/Eraser.prefab
  artifactKey: Guid(baff3b5fcef4aae41a5e82db73f526fb) Importer(815301076,1909f56bfc062723c751e8b465ee728b)
Start importing Assets/Resources/Prefabs/Eraser.prefab using Guid(baff3b5fcef4aae41a5e82db73f526fb) Importer(815301076,1909f56bfc062723c751e8b465ee728b)  -> (artifact id: 'ff1a864d034b02b88bc312934fe0b7b8') in 0.007599 seconds
  Import took 0.010145 seconds .

========================================================================
Received Import Request.
  Time since last request: 0.000269 seconds.
  path: Assets/Resources/Prefabs/Square.prefab
  artifactKey: Guid(3807f3d0519422043b92be2c18bdef59) Importer(815301076,1909f56bfc062723c751e8b465ee728b)
Start importing Assets/Resources/Prefabs/Square.prefab using Guid(3807f3d0519422043b92be2c18bdef59) Importer(815301076,1909f56bfc062723c751e8b465ee728b)  -> (artifact id: '4830223c68bfe811d275280beb28b463') in 0.018543 seconds
  Import took 0.021360 seconds .

========================================================================
Received Prepare
Registering precompiled user dll's ...
Registered in 0.000978 seconds.
Begin MonoManager ReloadAssembly
Native extension for WindowsStandalone target not found
Refreshing native plugins compatible for Editor in 0.32 ms, found 1 plugins.
Preloading 0 native plugins for Editor in 0.00 ms.
Invoked RoslynAnalysisRunner static constructor.
RoslynAnalysisRunner will not be running.
RoslynAnalysisRunner has terminated.
Mono: successfully reloaded assembly
- Completed reload, in  0.842 seconds
Platform modules already initialized, skipping
Refreshing native plugins compatible for Editor in 0.33 ms, found 1 plugins.
Preloading 0 native plugins for Editor in 0.00 ms.
Unloading 1774 Unused Serialized files (Serialized files now loaded: 0)
System memory in use before: 87.0 MB.
System memory in use after: 87.1 MB.

Unloading 8 unused Assets to reduce memory usage. Loaded Objects now: 2245.
Total: 1.851600 ms (FindLiveObjects: 0.161800 ms CreateObjectMapping: 0.063300 ms MarkObjects: 1.611000 ms  DeleteObjects: 0.014800 ms)

========================================================================
Received Prepare
Registering precompiled user dll's ...
Registered in 0.001018 seconds.
Begin MonoManager ReloadAssembly
Native extension for WindowsStandalone target not found
Refreshing native plugins compatible for Editor in 0.32 ms, found 1 plugins.
Preloading 0 native plugins for Editor in 0.00 ms.
Invoked RoslynAnalysisRunner static constructor.
RoslynAnalysisRunner will not be running.
RoslynAnalysisRunner has terminated.
Mono: successfully reloaded assembly
- Completed reload, in  0.804 seconds
Platform modules already initialized, skipping
Refreshing native plugins compatible for Editor in 0.35 ms, found 1 plugins.
Preloading 0 native plugins for Editor in 0.00 ms.
Unloading 1774 Unused Serialized files (Serialized files now loaded: 0)
System memory in use before: 87.0 MB.
System memory in use after: 87.1 MB.

Unloading 8 unused Assets to reduce memory usage. Loaded Objects now: 2247.
Total: 1.890600 ms (FindLiveObjects: 0.212400 ms CreateObjectMapping: 0.071200 ms MarkObjects: 1.590400 ms  DeleteObjects: 0.015500 ms)

========================================================================
Received Prepare
Registering precompiled user dll's ...
Registered in 0.001010 seconds.
Begin MonoManager ReloadAssembly
Native extension for WindowsStandalone target not found
Refreshing native plugins compatible for Editor in 0.35 ms, found 1 plugins.
Preloading 0 native plugins for Editor in 0.00 ms.
Invoked RoslynAnalysisRunner static constructor.
RoslynAnalysisRunner will not be running.
RoslynAnalysisRunner has terminated.
Mono: successfully reloaded assembly
- Completed reload, in  0.827 seconds
Platform modules already initialized, skipping
Refreshing native plugins compatible for Editor in 0.33 ms, found 1 plugins.
Preloading 0 native plugins for Editor in 0.00 ms.
Unloading 1774 Unused Serialized files (Serialized files now loaded: 0)
System memory in use before: 87.0 MB.
System memory in use after: 87.1 MB.

Unloading 8 unused Assets to reduce memory usage. Loaded Objects now: 2249.
Total: 2.033400 ms (FindLiveObjects: 0.196300 ms CreateObjectMapping: 0.064500 ms MarkObjects: 1.757300 ms  DeleteObjects: 0.014500 ms)

========================================================================
Received Prepare
Registering precompiled user dll's ...
Registered in 0.001000 seconds.
Begin MonoManager ReloadAssembly
Native extension for WindowsStandalone target not found
Refreshing native plugins compatible for Editor in 0.34 ms, found 1 plugins.
Preloading 0 native plugins for Editor in 0.00 ms.
Invoked RoslynAnalysisRunner static constructor.
RoslynAnalysisRunner will not be running.
RoslynAnalysisRunner has terminated.
Mono: successfully reloaded assembly
- Completed reload, in  0.828 seconds
Platform modules already initialized, skipping
Refreshing native plugins compatible for Editor in 0.32 ms, found 1 plugins.
Preloading 0 native plugins for Editor in 0.00 ms.
Unloading 1774 Unused Serialized files (Serialized files now loaded: 0)
System memory in use before: 87.0 MB.
System memory in use after: 87.1 MB.

Unloading 8 unused Assets to reduce memory usage. Loaded Objects now: 2251.
Total: 2.010800 ms (FindLiveObjects: 0.274300 ms CreateObjectMapping: 0.090500 ms MarkObjects: 1.628200 ms  DeleteObjects: 0.016100 ms)

========================================================================
Received Prepare
Registering precompiled user dll's ...
Registered in 0.000944 seconds.
Begin MonoManager ReloadAssembly
Native extension for WindowsStandalone target not found
Refreshing native plugins compatible for Editor in 0.33 ms, found 1 plugins.
Preloading 0 native plugins for Editor in 0.00 ms.
Invoked RoslynAnalysisRunner static constructor.
RoslynAnalysisRunner will not be running.
RoslynAnalysisRunner has terminated.
Mono: successfully reloaded assembly
- Completed reload, in  0.807 seconds
Platform modules already initialized, skipping
Refreshing native plugins compatible for Editor in 0.33 ms, found 1 plugins.
Preloading 0 native plugins for Editor in 0.00 ms.
Unloading 1774 Unused Serialized files (Serialized files now loaded: 0)
System memory in use before: 87.0 MB.
System memory in use after: 87.1 MB.

Unloading 8 unused Assets to reduce memory usage. Loaded Objects now: 2253.
Total: 2.022300 ms (FindLiveObjects: 0.189600 ms CreateObjectMapping: 0.070800 ms MarkObjects: 1.744500 ms  DeleteObjects: 0.016000 ms)

========================================================================
Received Prepare
Registering precompiled user dll's ...
Registered in 0.001040 seconds.
Begin MonoManager ReloadAssembly
Native extension for WindowsStandalone target not found
Refreshing native plugins compatible for Editor in 0.32 ms, found 1 plugins.
Preloading 0 native plugins for Editor in 0.00 ms.
Invoked RoslynAnalysisRunner static constructor.
RoslynAnalysisRunner will not be running.
RoslynAnalysisRunner has terminated.
Mono: successfully reloaded assembly
- Completed reload, in  0.813 seconds
Platform modules already initialized, skipping
Refreshing native plugins compatible for Editor in 0.32 ms, found 1 plugins.
Preloading 0 native plugins for Editor in 0.00 ms.
Unloading 1774 Unused Serialized files (Serialized files now loaded: 0)
System memory in use before: 87.0 MB.
System memory in use after: 87.1 MB.

Unloading 8 unused Assets to reduce memory usage. Loaded Objects now: 2255.
Total: 1.715100 ms (FindLiveObjects: 0.186500 ms CreateObjectMapping: 0.065200 ms MarkObjects: 1.447700 ms  DeleteObjects: 0.014700 ms)

========================================================================
Received Prepare
Registering precompiled user dll's ...
Registered in 0.001068 seconds.
Begin MonoManager ReloadAssembly
Native extension for WindowsStandalone target not found
Refreshing native plugins compatible for Editor in 0.34 ms, found 1 plugins.
Preloading 0 native plugins for Editor in 0.00 ms.
Invoked RoslynAnalysisRunner static constructor.
RoslynAnalysisRunner will not be running.
RoslynAnalysisRunner has terminated.
Mono: successfully reloaded assembly
- Completed reload, in  0.799 seconds
Platform modules already initialized, skipping
Refreshing native plugins compatible for Editor in 0.36 ms, found 1 plugins.
Preloading 0 native plugins for Editor in 0.00 ms.
Unloading 1774 Unused Serialized files (Serialized files now loaded: 0)
System memory in use before: 87.0 MB.
System memory in use after: 87.2 MB.

Unloading 8 unused Assets to reduce memory usage. Loaded Objects now: 2257.
Total: 1.810600 ms (FindLiveObjects: 0.182600 ms CreateObjectMapping: 0.066900 ms MarkObjects: 1.542600 ms  DeleteObjects: 0.017500 ms)

AssetImportWorkerClient::OnTransportError - code=2 error=End of file
